2025-03-20 11:25:54,872 - INFO - x is type <class '__main__.A'>(<__main__.A object at 0x000001FC52CD6A50>)
2025-03-20 11:25:54,872 - INFO - x's methods are: 
2025-03-20 11:25:54,872 - INFO - Members loop __class__ 
2025-03-20 11:25:54,872 - INFO - Members loop __delattr__ 
2025-03-20 11:25:54,872 - INFO - Members loop __dir__ 
2025-03-20 11:25:54,873 - INFO - Members loop __eq__ 
2025-03-20 11:25:54,873 - INFO - Members loop __format__ 
2025-03-20 11:25:54,873 - INFO - Members loop __ge__ 
2025-03-20 11:25:54,873 - INFO - Members loop __getattribute__ 
2025-03-20 11:25:54,873 - INFO - Members loop __getstate__ 
2025-03-20 11:25:54,873 - INFO - Members loop __gt__ 
2025-03-20 11:25:54,873 - INFO - Members loop __hash__ 
2025-03-20 11:25:54,873 - INFO - Members loop __init__ 
2025-03-20 11:25:54,873 - INFO - Members loop __init_subclass__ 
2025-03-20 11:25:54,873 - INFO - Members loop __le__ 
2025-03-20 11:25:54,873 - INFO - Members loop __lt__ 
2025-03-20 11:25:54,873 - INFO - Members loop __ne__ 
2025-03-20 11:25:54,873 - INFO - Members loop __new__ 
2025-03-20 11:25:54,873 - INFO - Members loop __reduce__ 
2025-03-20 11:25:54,873 - INFO - Members loop __reduce_ex__ 
2025-03-20 11:25:54,873 - INFO - Members loop __repr__ 
2025-03-20 11:25:54,873 - INFO - Members loop __setattr__ 
2025-03-20 11:25:54,873 - INFO - Members loop __sizeof__ 
2025-03-20 11:25:54,873 - INFO - Members loop __str__ 
2025-03-20 11:25:54,873 - INFO - Members loop __subclasshook__ 
2025-03-20 11:25:54,873 - INFO - Members loop ff 
2025-03-20 11:27:14,680 - INFO - x is type <class '__main__.A'>(<__main__.A object at 0x0000020AEF146A50>)
2025-03-20 11:27:14,680 - INFO - x's methods are: 
2025-03-20 11:27:14,680 - INFO - Members loop __class__ 
2025-03-20 11:27:14,680 - INFO - Members loop __delattr__ 
2025-03-20 11:27:14,680 - INFO - Members loop __dir__ 
2025-03-20 11:27:14,680 - INFO - Members loop __eq__ 
2025-03-20 11:27:14,680 - INFO - Members loop __format__ 
2025-03-20 11:27:14,680 - INFO - Members loop __ge__ 
2025-03-20 11:27:14,680 - INFO - Members loop __getattribute__ 
2025-03-20 11:27:14,680 - INFO - Members loop __getstate__ 
2025-03-20 11:27:14,680 - INFO - Members loop __gt__ 
2025-03-20 11:27:14,680 - INFO - Members loop __hash__ 
2025-03-20 11:27:14,680 - INFO - Members loop __init__ 
2025-03-20 11:27:14,680 - INFO - Members loop __init_subclass__ 
2025-03-20 11:27:14,680 - INFO - Members loop __le__ 
2025-03-20 11:27:14,680 - INFO - Members loop __lt__ 
2025-03-20 11:27:14,680 - INFO - Members loop __ne__ 
2025-03-20 11:27:14,680 - INFO - Members loop __new__ 
2025-03-20 11:27:14,680 - INFO - Members loop __reduce__ 
2025-03-20 11:27:14,680 - INFO - Members loop __reduce_ex__ 
2025-03-20 11:27:14,680 - INFO - Members loop __repr__ 
2025-03-20 11:27:14,680 - INFO - Members loop __setattr__ 
2025-03-20 11:27:14,680 - INFO - Members loop __sizeof__ 
2025-03-20 11:27:14,680 - INFO - Members loop __str__ 
2025-03-20 11:27:14,680 - INFO - Members loop __subclasshook__ 
2025-03-20 11:27:14,680 - INFO - Members loop ff 
